<?xml version="1.0" encoding="UTF-8"?>
<testsuite name="SyncCreateContactJob::perform_later" skipped="0" failures="0" errors="0" tests="1" assertions="2" time="0.232246">
  <testcase name="test_0001_POSTs a new contact" classname="SyncCreateContactJob::perform_later" assertions="2" time="0.232246">
  </testcase>
</testsuite>
